<?xml version="1.0" encoding="UTF-8"?>
<!-- Generated by org.testng.reporters.JUnitXMLReporter -->
<testsuite ignored="0" hostname="ganeshvarma" failures="0" tests="3" name="Default test" time="9.648" errors="0" timestamp="2024-02-28T20:56:30 IST">
  <testcase classname="Reports.Guru99Test" name="OpenApp" time="6.577"/>
  <testcase classname="Reports.Guru99Test" name="Login" time="1.583"/>
  <testcase classname="Reports.Guru99Test" name="TearDown" time="1.437"/>
</testsuite> <!-- Default test -->
