<?xml version="1.0" encoding="UTF-8"?>
<testng-results ignored="0" total="3" passed="3" failed="0" skipped="0">
  <reporter-output>
  </reporter-output>
  <suite started-at="2024-02-28T20:56:21 IST" name="Default suite" finished-at="2024-02-28T20:56:30 IST" duration-ms="9648">
    <groups>
    </groups>
    <test started-at="2024-02-28T20:56:21 IST" name="Default test" finished-at="2024-02-28T20:56:30 IST" duration-ms="9648">
      <class name="Reports.Guru99Test">
        <test-method signature="OpenApp()[pri:0, instance:Reports.Guru99Test@7d8995e]" started-at="2024-02-28T20:56:21 IST" name="OpenApp" finished-at="2024-02-28T20:56:27 IST" duration-ms="6577" status="PASS">
          <reporter-output>
          </reporter-output>
        </test-method> <!-- OpenApp -->
        <test-method signature="Login()[pri:1, instance:Reports.Guru99Test@7d8995e]" started-at="2024-02-28T20:56:27 IST" name="Login" finished-at="2024-02-28T20:56:29 IST" duration-ms="1583" status="PASS">
          <reporter-output>
          </reporter-output>
        </test-method> <!-- Login -->
        <test-method signature="TearDown()[pri:2, instance:Reports.Guru99Test@7d8995e]" started-at="2024-02-28T20:56:29 IST" name="TearDown" finished-at="2024-02-28T20:56:30 IST" depends-on-methods="Reports.Guru99Test.Login" duration-ms="1437" status="PASS">
          <reporter-output>
          </reporter-output>
        </test-method> <!-- TearDown -->
      </class> <!-- Reports.Guru99Test -->
    </test> <!-- Default test -->
  </suite> <!-- Default suite -->
</testng-results>
